4112
0 0 2 3
0 4 2 7
0 8 2 11
0 12 2 15
0 16 2 19
0 20 2 23
0 24 2 27
0 28 2 31
0 32 2 35
0 36 2 39
0 40 2 43
0 44 2 47
0 48 2 51
0 52 2 55
0 56 2 59
0 60 2 63
0 64 2 67
0 68 2 71
0 72 2 75
0 76 2 79
0 80 2 83
0 84 2 87
0 88 2 91
0 92 2 95
0 96 2 99
0 100 2 103
0 104 2 107
0 108 2 111
0 112 2 115
0 116 2 119
0 120 2 123
0 124 2 127
0 128 2 131
0 132 2 135
0 136 2 139
0 140 2 143
0 144 2 147
0 148 2 151
0 152 2 155
0 156 2 159
0 160 2 163
0 164 2 167
0 168 2 171
0 172 2 175
0 176 2 179
0 180 2 183
0 184 2 187
0 188 2 191
0 192 2 195
0 196 2 199
0 200 2 203
0 204 2 207
0 208 2 211
0 212 2 215
0 216 2 219
0 220 2 223
0 224 2 227
0 228 2 231
0 232 2 235
0 236 2 239
0 240 2 243
0 244 2 247
3 0 5 3
3 4 5 7
3 8 5 11
3 12 5 15
3 16 5 19
3 20 5 23
3 24 5 27
3 28 5 31
3 32 5 35
3 36 5 39
3 40 5 43
3 44 5 47
3 48 5 51
3 52 5 55
3 56 5 59
3 60 5 63
3 64 5 67
3 68 5 71
3 72 5 75
3 76 5 79
3 80 5 83
3 84 5 87
3 88 5 91
3 92 5 95
3 96 5 99
3 100 5 103
3 104 5 107
3 108 5 111
3 112 5 115
3 116 5 119
3 120 5 123
3 124 5 127
3 128 5 131
3 132 5 135
3 136 5 139
3 140 5 143
3 144 5 147
3 148 5 151
3 152 5 155
3 156 5 159
3 160 5 163
3 164 5 167
3 168 5 171
3 172 5 175
3 176 5 179
3 180 5 183
3 184 5 187
3 188 5 191
3 192 5 195
3 196 5 199
3 200 5 203
3 204 5 207
3 208 5 211
3 212 5 215
3 216 5 219
3 220 5 223
3 224 5 227
3 228 5 231
3 232 5 235
3 236 5 239
3 240 5 243
3 244 5 247
6 0 8 3
6 4 8 7
6 8 8 11
6 12 8 15
6 16 8 19
6 20 8 23
6 24 8 27
6 28 8 31
6 32 8 35
6 36 8 39
6 40 8 43
6 44 8 47
6 48 8 51
6 52 8 55
6 56 8 59
6 60 8 63
6 64 8 67
6 68 8 71
6 72 8 75
6 76 8 79
6 80 8 83
6 84 8 87
6 88 8 91
6 92 8 95
6 96 8 99
6 100 8 103
6 104 8 107
6 108 8 111
6 112 8 115
6 116 8 119
6 120 8 123
6 124 8 127
6 128 8 131
6 132 8 135
6 136 8 139
6 140 8 143
6 144 8 147
6 148 8 151
6 152 8 155
6 156 8 159
6 160 8 163
6 164 8 167
6 168 8 171
6 172 8 175
6 176 8 179
6 180 8 183
6 184 8 187
6 188 8 191
6 192 8 195
6 196 8 199
6 200 8 203
6 204 8 207
6 208 8 211
6 212 8 215
6 216 8 219
6 220 8 223
6 224 8 227
6 228 8 231
6 232 8 235
6 236 8 239
6 240 8 243
6 244 8 247
9 0 11 3
9 4 11 7
9 8 11 11
9 12 11 15
9 16 11 19
9 20 11 23
9 24 11 27
9 28 11 31
9 32 11 35
9 36 11 39
9 40 11 43
9 44 11 47
9 48 11 51
9 52 11 55
9 56 11 59
9 60 11 63
9 64 11 67
9 68 11 71
9 72 11 75
9 76 11 79
9 80 11 83
9 84 11 87
9 88 11 91
9 92 11 95
9 96 11 99
9 100 11 103
9 104 11 107
9 108 11 111
9 112 11 115
9 116 11 119
9 120 11 123
9 124 11 127
9 128 11 131
9 132 11 135
9 136 11 139
9 140 11 143
9 144 11 147
9 148 11 151
9 152 11 155
9 156 11 159
9 160 11 163
9 164 11 167
9 168 11 171
9 172 11 175
9 176 11 179
9 180 11 183
9 184 11 187
9 188 11 191
9 192 11 195
9 196 11 199
9 200 11 203
9 204 11 207
9 208 11 211
9 212 11 215
9 216 11 219
9 220 11 223
9 224 11 227
9 228 11 231
9 232 11 235
9 236 11 239
9 240 11 243
9 244 11 247
12 0 14 3
12 4 14 7
12 8 14 11
12 12 14 15
12 16 14 19
12 20 14 23
12 24 14 27
12 28 14 31
12 32 14 35
12 36 14 39
12 40 14 43
12 44 14 47
12 48 14 51
12 52 14 55
12 56 14 59
12 60 14 63
12 64 14 67
12 68 14 71
12 72 14 75
12 76 14 79
12 80 14 83
12 84 14 87
12 88 14 91
12 92 14 95
12 96 14 99
12 100 14 103
12 104 14 107
12 108 14 111
12 112 14 115
12 116 14 119
12 120 14 123
12 124 14 127
12 128 14 131
12 132 14 135
12 136 14 139
12 140 14 143
12 144 14 147
12 148 14 151
12 152 14 155
12 156 14 159
12 160 14 163
12 164 14 167
12 168 14 171
12 172 14 175
12 176 14 179
12 180 14 183
12 184 14 187
12 188 14 191
12 192 14 195
12 196 14 199
12 200 14 203
12 204 14 207
12 208 14 211
12 212 14 215
12 216 14 219
12 220 14 223
12 224 14 227
12 228 14 231
12 232 14 235
12 236 14 239
12 240 14 243
12 244 14 247
15 0 17 3
15 4 17 7
15 8 17 11
15 12 17 15
15 16 17 19
15 20 17 23
15 24 17 27
15 28 17 31
15 32 17 35
15 36 17 39
15 40 17 43
15 44 17 47
15 48 17 51
15 52 17 55
15 56 17 59
15 60 17 63
15 64 17 67
15 68 17 71
15 72 17 75
15 76 17 79
15 80 17 83
15 84 17 87
15 88 17 91
15 92 17 95
15 96 17 99
15 100 17 103
15 104 17 107
15 108 17 111
15 112 17 115
15 116 17 119
15 120 17 123
15 124 17 127
15 128 17 131
15 132 17 135
15 136 17 139
15 140 17 143
15 144 17 147
15 148 17 151
15 152 17 155
15 156 17 159
15 160 17 163
15 164 17 167
15 168 17 171
15 172 17 175
15 176 17 179
15 180 17 183
15 184 17 187
15 188 17 191
15 192 17 195
15 196 17 199
15 200 17 203
15 204 17 207
15 208 17 211
15 212 17 215
15 216 17 219
15 220 17 223
15 224 17 227
15 228 17 231
15 232 17 235
15 236 17 239
15 240 17 243
15 244 17 247
18 0 20 3
18 4 20 7
18 8 20 11
18 12 20 15
18 16 20 19
18 20 20 23
18 24 20 27
18 28 20 31
18 32 20 35
18 36 20 39
18 40 20 43
18 44 20 47
18 48 20 51
18 52 20 55
18 56 20 59
18 60 20 63
18 64 20 67
18 68 20 71
18 72 20 75
18 76 20 79
18 80 20 83
18 84 20 87
18 88 20 91
18 92 20 95
18 96 20 99
18 100 20 103
18 104 20 107
18 108 20 111
18 112 20 115
18 116 20 119
18 120 20 123
18 124 20 127
18 128 20 131
18 132 20 135
18 136 20 139
18 140 20 143
18 144 20 147
18 148 20 151
18 152 20 155
18 156 20 159
18 160 20 163
18 164 20 167
18 168 20 171
18 172 20 175
18 176 20 179
18 180 20 183
18 184 20 187
18 188 20 191
18 192 20 195
18 196 20 199
18 200 20 203
18 204 20 207
18 208 20 211
18 212 20 215
18 216 20 219
18 220 20 223
18 224 20 227
18 228 20 231
18 232 20 235
18 236 20 239
18 240 20 243
18 244 20 247
21 0 23 3
21 4 23 7
21 8 23 11
21 12 23 15
21 16 23 19
21 20 23 23
21 24 23 27
21 28 23 31
21 32 23 35
21 36 23 39
21 40 23 43
21 44 23 47
21 48 23 51
21 52 23 55
21 56 23 59
21 60 23 63
21 64 23 67
21 68 23 71
21 72 23 75
21 76 23 79
21 80 23 83
21 84 23 87
21 88 23 91
21 92 23 95
21 96 23 99
21 100 23 103
21 104 23 107
21 108 23 111
21 112 23 115
21 116 23 119
21 120 23 123
21 124 23 127
21 128 23 131
21 132 23 135
21 136 23 139
21 140 23 143
21 144 23 147
21 148 23 151
21 152 23 155
21 156 23 159
21 160 23 163
21 164 23 167
21 168 23 171
21 172 23 175
21 176 23 179
21 180 23 183
21 184 23 187
21 188 23 191
21 192 23 195
21 196 23 199
21 200 23 203
21 204 23 207
21 208 23 211
21 212 23 215
21 216 23 219
21 220 23 223
21 224 23 227
21 228 23 231
21 232 23 235
21 236 23 239
21 240 23 243
21 244 23 247
24 0 26 3
24 4 26 7
24 8 26 11
24 12 26 15
24 16 26 19
24 20 26 23
24 24 26 27
24 28 26 31
24 32 26 35
24 36 26 39
24 40 26 43
24 44 26 47
24 48 26 51
24 52 26 55
24 56 26 59
24 60 26 63
24 64 26 67
24 68 26 71
24 72 26 75
24 76 26 79
24 80 26 83
24 84 26 87
24 88 26 91
24 92 26 95
24 96 26 99
24 100 26 103
24 104 26 107
24 108 26 111
24 112 26 115
24 116 26 119
24 120 26 123
24 124 26 127
24 128 26 131
24 132 26 135
24 136 26 139
24 140 26 143
24 144 26 147
24 148 26 151
24 152 26 155
24 156 26 159
24 160 26 163
24 164 26 167
24 168 26 171
24 172 26 175
24 176 26 179
24 180 26 183
24 184 26 187
24 188 26 191
24 192 26 195
24 196 26 199
24 200 26 203
24 204 26 207
24 208 26 211
24 212 26 215
24 216 26 219
24 220 26 223
24 224 26 227
24 228 26 231
24 232 26 235
24 236 26 239
24 240 26 243
24 244 26 247
27 0 29 3
27 4 29 7
27 8 29 11
27 12 29 15
27 16 29 19
27 20 29 23
27 24 29 27
27 28 29 31
27 32 29 35
27 36 29 39
27 40 29 43
27 44 29 47
27 48 29 51
27 52 29 55
27 56 29 59
27 60 29 63
27 64 29 67
27 68 29 71
27 72 29 75
27 76 29 79
27 80 29 83
27 84 29 87
27 88 29 91
27 92 29 95
27 96 29 99
27 100 29 103
27 104 29 107
27 108 29 111
27 112 29 115
27 116 29 119
27 120 29 123
27 124 29 127
27 128 29 131
27 132 29 135
27 136 29 139
27 140 29 143
27 144 29 147
27 148 29 151
27 152 29 155
27 156 29 159
27 160 29 163
27 164 29 167
27 168 29 171
27 172 29 175
27 176 29 179
27 180 29 183
27 184 29 187
27 188 29 191
27 192 29 195
27 196 29 199
27 200 29 203
27 204 29 207
27 208 29 211
27 212 29 215
27 216 29 219
27 220 29 223
27 224 29 227
27 228 29 231
27 232 29 235
27 236 29 239
27 240 29 243
27 244 29 247
30 0 32 3
30 4 32 7
30 8 32 11
30 12 32 15
30 16 32 19
30 20 32 23
30 24 32 27
30 28 32 31
30 32 32 35
30 36 32 39
30 40 32 43
30 44 32 47
30 48 32 51
30 52 32 55
30 56 32 59
30 60 32 63
30 64 32 67
30 68 32 71
30 72 32 75
30 76 32 79
30 80 32 83
30 84 32 87
30 88 32 91
30 92 32 95
30 96 32 99
30 100 32 103
30 104 32 107
30 108 32 111
30 112 32 115
30 116 32 119
30 120 32 123
30 124 32 127
30 128 32 131
30 132 32 135
30 136 32 139
30 140 32 143
30 144 32 147
30 148 32 151
30 152 32 155
30 156 32 159
30 160 32 163
30 164 32 167
30 168 32 171
30 172 32 175
30 176 32 179
30 180 32 183
30 184 32 187
30 188 32 191
30 192 32 195
30 196 32 199
30 200 32 203
30 204 32 207
30 208 32 211
30 212 32 215
30 216 32 219
30 220 32 223
30 224 32 227
30 228 32 231
30 232 32 235
30 236 32 239
30 240 32 243
30 244 32 247
33 0 35 3
33 4 35 7
33 8 35 11
33 12 35 15
33 16 35 19
33 20 35 23
33 24 35 27
33 28 35 31
33 32 35 35
33 36 35 39
33 40 35 43
33 44 35 47
33 48 35 51
33 52 35 55
33 56 35 59
33 60 35 63
33 64 35 67
33 68 35 71
33 72 35 75
33 76 35 79
33 80 35 83
33 84 35 87
33 88 35 91
33 92 35 95
33 96 35 99
33 100 35 103
33 104 35 107
33 108 35 111
33 112 35 115
33 116 35 119
33 120 35 123
33 124 35 127
33 128 35 131
33 132 35 135
33 136 35 139
33 140 35 143
33 144 35 147
33 148 35 151
33 152 35 155
33 156 35 159
33 160 35 163
33 164 35 167
33 168 35 171
33 172 35 175
33 176 35 179
33 180 35 183
33 184 35 187
33 188 35 191
33 192 35 195
33 196 35 199
33 200 35 203
33 204 35 207
33 208 35 211
33 212 35 215
33 216 35 219
33 220 35 223
33 224 35 227
33 228 35 231
33 232 35 235
33 236 35 239
33 240 35 243
33 244 35 247
36 0 38 3
36 4 38 7
36 8 38 11
36 12 38 15
36 16 38 19
36 20 38 23
36 24 38 27
36 28 38 31
36 32 38 35
36 36 38 39
36 40 38 43
36 44 38 47
36 48 38 51
36 52 38 55
36 56 38 59
36 60 38 63
36 64 38 67
36 68 38 71
36 72 38 75
36 76 38 79
36 80 38 83
36 84 38 87
36 88 38 91
36 92 38 95
36 96 38 99
36 100 38 103
36 104 38 107
36 108 38 111
36 112 38 115
36 116 38 119
36 120 38 123
36 124 38 127
36 128 38 131
36 132 38 135
36 136 38 139
36 140 38 143
36 144 38 147
36 148 38 151
36 152 38 155
36 156 38 159
36 160 38 163
36 164 38 167
36 168 38 171
36 172 38 175
36 176 38 179
36 180 38 183
36 184 38 187
36 188 38 191
36 192 38 195
36 196 38 199
36 200 38 203
36 204 38 207
36 208 38 211
36 212 38 215
36 216 38 219
36 220 38 223
36 224 38 227
36 228 38 231
36 232 38 235
36 236 38 239
36 240 38 243
36 244 38 247
39 0 41 3
39 4 41 7
39 8 41 11
39 12 41 15
39 16 41 19
39 20 41 23
39 24 41 27
39 28 41 31
39 32 41 35
39 36 41 39
39 40 41 43
39 44 41 47
39 48 41 51
39 52 41 55
39 56 41 59
39 60 41 63
39 64 41 67
39 68 41 71
39 72 41 75
39 76 41 79
39 80 41 83
39 84 41 87
39 88 41 91
39 92 41 95
39 96 41 99
39 100 41 103
39 104 41 107
39 108 41 111
39 112 41 115
39 116 41 119
39 120 41 123
39 124 41 127
39 128 41 131
39 132 41 135
39 136 41 139
39 140 41 143
39 144 41 147
39 148 41 151
39 152 41 155
39 156 41 159
39 160 41 163
39 164 41 167
39 168 41 171
39 172 41 175
39 176 41 179
39 180 41 183
39 184 41 187
39 188 41 191
39 192 41 195
39 196 41 199
39 200 41 203
39 204 41 207
39 208 41 211
39 212 41 215
39 216 41 219
39 220 41 223
39 224 41 227
39 228 41 231
39 232 41 235
39 236 41 239
39 240 41 243
39 244 41 247
42 0 44 3
42 4 44 7
42 8 44 11
42 12 44 15
42 16 44 19
42 20 44 23
42 24 44 27
42 28 44 31
42 32 44 35
42 36 44 39
42 40 44 43
42 44 44 47
42 48 44 51
42 52 44 55
42 56 44 59
42 60 44 63
42 64 44 67
42 68 44 71
42 72 44 75
42 76 44 79
42 80 44 83
42 84 44 87
42 88 44 91
42 92 44 95
42 96 44 99
42 100 44 103
42 104 44 107
42 108 44 111
42 112 44 115
42 116 44 119
42 120 44 123
42 124 44 127
42 128 44 131
42 132 44 135
42 136 44 139
42 140 44 143
42 144 44 147
42 148 44 151
42 152 44 155
42 156 44 159
42 160 44 163
42 164 44 167
42 168 44 171
42 172 44 175
42 176 44 179
42 180 44 183
42 184 44 187
42 188 44 191
42 192 44 195
42 196 44 199
42 200 44 203
42 204 44 207
42 208 44 211
42 212 44 215
42 216 44 219
42 220 44 223
42 224 44 227
42 228 44 231
42 232 44 235
42 236 44 239
42 240 44 243
42 244 44 247
45 0 47 3
45 4 47 7
45 8 47 11
45 12 47 15
45 16 47 19
45 20 47 23
45 24 47 27
45 28 47 31
45 32 47 35
45 36 47 39
45 40 47 43
45 44 47 47
45 48 47 51
45 52 47 55
45 56 47 59
45 60 47 63
45 64 47 67
45 68 47 71
45 72 47 75
45 76 47 79
45 80 47 83
45 84 47 87
45 88 47 91
45 92 47 95
45 96 47 99
45 100 47 103
45 104 47 107
45 108 47 111
45 112 47 115
45 116 47 119
45 120 47 123
45 124 47 127
45 128 47 131
45 132 47 135
45 136 47 139
45 140 47 143
45 144 47 147
45 148 47 151
45 152 47 155
45 156 47 159
45 160 47 163
45 164 47 167
45 168 47 171
45 172 47 175
45 176 47 179
45 180 47 183
45 184 47 187
45 188 47 191
45 192 47 195
45 196 47 199
45 200 47 203
45 204 47 207
45 208 47 211
45 212 47 215
45 216 47 219
45 220 47 223
45 224 47 227
45 228 47 231
45 232 47 235
45 236 47 239
45 240 47 243
45 244 47 247
48 0 50 3
48 4 50 7
48 8 50 11
48 12 50 15
48 16 50 19
48 20 50 23
48 24 50 27
48 28 50 31
48 32 50 35
48 36 50 39
48 40 50 43
48 44 50 47
48 48 50 51
48 52 50 55
48 56 50 59
48 60 50 63
48 64 50 67
48 68 50 71
48 72 50 75
48 76 50 79
48 80 50 83
48 84 50 87
48 88 50 91
48 92 50 95
48 96 50 99
48 100 50 103
48 104 50 107
48 108 50 111
48 112 50 115
48 116 50 119
48 120 50 123
48 124 50 127
48 128 50 131
48 132 50 135
48 136 50 139
48 140 50 143
48 144 50 147
48 148 50 151
48 152 50 155
48 156 50 159
48 160 50 163
48 164 50 167
48 168 50 171
48 172 50 175
48 176 50 179
48 180 50 183
48 184 50 187
48 188 50 191
48 192 50 195
48 196 50 199
48 200 50 203
48 204 50 207
48 208 50 211
48 212 50 215
48 216 50 219
48 220 50 223
48 224 50 227
48 228 50 231
48 232 50 235
48 236 50 239
48 240 50 243
48 244 50 247
51 0 53 3
51 4 53 7
51 8 53 11
51 12 53 15
51 16 53 19
51 20 53 23
51 24 53 27
51 28 53 31
51 32 53 35
51 36 53 39
51 40 53 43
51 44 53 47
51 48 53 51
51 52 53 55
51 56 53 59
51 60 53 63
51 64 53 67
51 68 53 71
51 72 53 75
51 76 53 79
51 80 53 83
51 84 53 87
51 88 53 91
51 92 53 95
51 96 53 99
51 100 53 103
51 104 53 107
51 108 53 111
51 112 53 115
51 116 53 119
51 120 53 123
51 124 53 127
51 128 53 131
51 132 53 135
51 136 53 139
51 140 53 143
51 144 53 147
51 148 53 151
51 152 53 155
51 156 53 159
51 160 53 163
51 164 53 167
51 168 53 171
51 172 53 175
51 176 53 179
51 180 53 183
51 184 53 187
51 188 53 191
51 192 53 195
51 196 53 199
51 200 53 203
51 204 53 207
51 208 53 211
51 212 53 215
51 216 53 219
51 220 53 223
51 224 53 227
51 228 53 231
51 232 53 235
51 236 53 239
51 240 53 243
51 244 53 247
54 0 56 3
54 4 56 7
54 8 56 11
54 12 56 15
54 16 56 19
54 20 56 23
54 24 56 27
54 28 56 31
54 32 56 35
54 36 56 39
54 40 56 43
54 44 56 47
54 48 56 51
54 52 56 55
54 56 56 59
54 60 56 63
54 64 56 67
54 68 56 71
54 72 56 75
54 76 56 79
54 80 56 83
54 84 56 87
54 88 56 91
54 92 56 95
54 96 56 99
54 100 56 103
54 104 56 107
54 108 56 111
54 112 56 115
54 116 56 119
54 120 56 123
54 124 56 127
54 128 56 131
54 132 56 135
54 136 56 139
54 140 56 143
54 144 56 147
54 148 56 151
54 152 56 155
54 156 56 159
54 160 56 163
54 164 56 167
54 168 56 171
54 172 56 175
54 176 56 179
54 180 56 183
54 184 56 187
54 188 56 191
54 192 56 195
54 196 56 199
54 200 56 203
54 204 56 207
54 208 56 211
54 212 56 215
54 216 56 219
54 220 56 223
54 224 56 227
54 228 56 231
54 232 56 235
54 236 56 239
54 240 56 243
54 244 56 247
57 0 59 3
57 4 59 7
57 8 59 11
57 12 59 15
57 16 59 19
57 20 59 23
57 24 59 27
57 28 59 31
57 32 59 35
57 36 59 39
57 40 59 43
57 44 59 47
57 48 59 51
57 52 59 55
57 56 59 59
57 60 59 63
57 64 59 67
57 68 59 71
57 72 59 75
57 76 59 79
57 80 59 83
57 84 59 87
57 88 59 91
57 92 59 95
57 96 59 99
57 100 59 103
57 104 59 107
57 108 59 111
57 112 59 115
57 116 59 119
57 120 59 123
57 124 59 127
57 128 59 131
57 132 59 135
57 136 59 139
57 140 59 143
57 144 59 147
57 148 59 151
57 152 59 155
57 156 59 159
57 160 59 163
57 164 59 167
57 168 59 171
57 172 59 175
57 176 59 179
57 180 59 183
57 184 59 187
57 188 59 191
57 192 59 195
57 196 59 199
57 200 59 203
57 204 59 207
57 208 59 211
57 212 59 215
57 216 59 219
57 220 59 223
57 224 59 227
57 228 59 231
57 232 59 235
57 236 59 239
57 240 59 243
57 244 59 247
60 0 62 3
60 4 62 7
60 8 62 11
60 12 62 15
60 16 62 19
60 20 62 23
60 24 62 27
60 28 62 31
60 32 62 35
60 36 62 39
60 40 62 43
60 44 62 47
60 48 62 51
60 52 62 55
60 56 62 59
60 60 62 63
60 64 62 67
60 68 62 71
60 72 62 75
60 76 62 79
60 80 62 83
60 84 62 87
60 88 62 91
60 92 62 95
60 96 62 99
60 100 62 103
60 104 62 107
60 108 62 111
60 112 62 115
60 116 62 119
60 120 62 123
60 124 62 127
60 128 62 131
60 132 62 135
60 136 62 139
60 140 62 143
60 144 62 147
60 148 62 151
60 152 62 155
60 156 62 159
60 160 62 163
60 164 62 167
60 168 62 171
60 172 62 175
60 176 62 179
60 180 62 183
60 184 62 187
60 188 62 191
60 192 62 195
60 196 62 199
60 200 62 203
60 204 62 207
60 208 62 211
60 212 62 215
60 216 62 219
60 220 62 223
60 224 62 227
60 228 62 231
60 232 62 235
60 236 62 239
60 240 62 243
60 244 62 247
63 0 65 3
63 4 65 7
63 8 65 11
63 12 65 15
63 16 65 19
63 20 65 23
63 24 65 27
63 28 65 31
63 32 65 35
63 36 65 39
63 40 65 43
63 44 65 47
63 48 65 51
63 52 65 55
63 56 65 59
63 60 65 63
63 64 65 67
63 68 65 71
63 72 65 75
63 76 65 79
63 80 65 83
63 84 65 87
63 88 65 91
63 92 65 95
63 96 65 99
63 100 65 103
63 104 65 107
63 108 65 111
63 112 65 115
63 116 65 119
63 120 65 123
63 124 65 127
63 128 65 131
63 132 65 135
63 136 65 139
63 140 65 143
63 144 65 147
63 148 65 151
63 152 65 155
63 156 65 159
63 160 65 163
63 164 65 167
63 168 65 171
63 172 65 175
63 176 65 179
63 180 65 183
63 184 65 187
63 188 65 191
63 192 65 195
63 196 65 199
63 200 65 203
63 204 65 207
63 208 65 211
63 212 65 215
63 216 65 219
63 220 65 223
63 224 65 227
63 228 65 231
63 232 65 235
63 236 65 239
63 240 65 243
63 244 65 247
66 0 68 3
66 4 68 7
66 8 68 11
66 12 68 15
66 16 68 19
66 20 68 23
66 24 68 27
66 28 68 31
66 32 68 35
66 36 68 39
66 40 68 43
66 44 68 47
66 48 68 51
66 52 68 55
66 56 68 59
66 60 68 63
66 64 68 67
66 68 68 71
66 72 68 75
66 76 68 79
66 80 68 83
66 84 68 87
66 88 68 91
66 92 68 95
66 96 68 99
66 100 68 103
66 104 68 107
66 108 68 111
66 112 68 115
66 116 68 119
66 120 68 123
66 124 68 127
66 128 68 131
66 132 68 135
66 136 68 139
66 140 68 143
66 144 68 147
66 148 68 151
66 152 68 155
66 156 68 159
66 160 68 163
66 164 68 167
66 168 68 171
66 172 68 175
66 176 68 179
66 180 68 183
66 184 68 187
66 188 68 191
66 192 68 195
66 196 68 199
66 200 68 203
66 204 68 207
66 208 68 211
66 212 68 215
66 216 68 219
66 220 68 223
66 224 68 227
66 228 68 231
66 232 68 235
66 236 68 239
66 240 68 243
66 244 68 247
69 0 71 3
69 4 71 7
69 8 71 11
69 12 71 15
69 16 71 19
69 20 71 23
69 24 71 27
69 28 71 31
69 32 71 35
69 36 71 39
69 40 71 43
69 44 71 47
69 48 71 51
69 52 71 55
69 56 71 59
69 60 71 63
69 64 71 67
69 68 71 71
69 72 71 75
69 76 71 79
69 80 71 83
69 84 71 87
69 88 71 91
69 92 71 95
69 96 71 99
69 100 71 103
69 104 71 107
69 108 71 111
69 112 71 115
69 116 71 119
69 120 71 123
69 124 71 127
69 128 71 131
69 132 71 135
69 136 71 139
69 140 71 143
69 144 71 147
69 148 71 151
69 152 71 155
69 156 71 159
69 160 71 163
69 164 71 167
69 168 71 171
69 172 71 175
69 176 71 179
69 180 71 183
69 184 71 187
69 188 71 191
69 192 71 195
69 196 71 199
69 200 71 203
69 204 71 207
69 208 71 211
69 212 71 215
69 216 71 219
69 220 71 223
69 224 71 227
69 228 71 231
69 232 71 235
69 236 71 239
69 240 71 243
69 244 71 247
72 0 74 3
72 4 74 7
72 8 74 11
72 12 74 15
72 16 74 19
72 20 74 23
72 24 74 27
72 28 74 31
72 32 74 35
72 36 74 39
72 40 74 43
72 44 74 47
72 48 74 51
72 52 74 55
72 56 74 59
72 60 74 63
72 64 74 67
72 68 74 71
72 72 74 75
72 76 74 79
72 80 74 83
72 84 74 87
72 88 74 91
72 92 74 95
72 96 74 99
72 100 74 103
72 104 74 107
72 108 74 111
72 112 74 115
72 116 74 119
72 120 74 123
72 124 74 127
72 128 74 131
72 132 74 135
72 136 74 139
72 140 74 143
72 144 74 147
72 148 74 151
72 152 74 155
72 156 74 159
72 160 74 163
72 164 74 167
72 168 74 171
72 172 74 175
72 176 74 179
72 180 74 183
72 184 74 187
72 188 74 191
72 192 74 195
72 196 74 199
72 200 74 203
72 204 74 207
72 208 74 211
72 212 74 215
72 216 74 219
72 220 74 223
72 224 74 227
72 228 74 231
72 232 74 235
72 236 74 239
72 240 74 243
72 244 74 247
75 0 77 3
75 4 77 7
75 8 77 11
75 12 77 15
75 16 77 19
75 20 77 23
75 24 77 27
75 28 77 31
75 32 77 35
75 36 77 39
75 40 77 43
75 44 77 47
75 48 77 51
75 52 77 55
75 56 77 59
75 60 77 63
75 64 77 67
75 68 77 71
75 72 77 75
75 76 77 79
75 80 77 83
75 84 77 87
75 88 77 91
75 92 77 95
75 96 77 99
75 100 77 103
75 104 77 107
75 108 77 111
75 112 77 115
75 116 77 119
75 120 77 123
75 124 77 127
75 128 77 131
75 132 77 135
75 136 77 139
75 140 77 143
75 144 77 147
75 148 77 151
75 152 77 155
75 156 77 159
75 160 77 163
75 164 77 167
75 168 77 171
75 172 77 175
75 176 77 179
75 180 77 183
75 184 77 187
75 188 77 191
75 192 77 195
75 196 77 199
75 200 77 203
75 204 77 207
75 208 77 211
75 212 77 215
75 216 77 219
75 220 77 223
75 224 77 227
75 228 77 231
75 232 77 235
75 236 77 239
75 240 77 243
75 244 77 247
78 0 80 3
78 4 80 7
78 8 80 11
78 12 80 15
78 16 80 19
78 20 80 23
78 24 80 27
78 28 80 31
78 32 80 35
78 36 80 39
78 40 80 43
78 44 80 47
78 48 80 51
78 52 80 55
78 56 80 59
78 60 80 63
78 64 80 67
78 68 80 71
78 72 80 75
78 76 80 79
78 80 80 83
78 84 80 87
78 88 80 91
78 92 80 95
78 96 80 99
78 100 80 103
78 104 80 107
78 108 80 111
78 112 80 115
78 116 80 119
78 120 80 123
78 124 80 127
78 128 80 131
78 132 80 135
78 136 80 139
78 140 80 143
78 144 80 147
78 148 80 151
78 152 80 155
78 156 80 159
78 160 80 163
78 164 80 167
78 168 80 171
78 172 80 175
78 176 80 179
78 180 80 183
78 184 80 187
78 188 80 191
78 192 80 195
78 196 80 199
78 200 80 203
78 204 80 207
78 208 80 211
78 212 80 215
78 216 80 219
78 220 80 223
78 224 80 227
78 228 80 231
78 232 80 235
78 236 80 239
78 240 80 243
78 244 80 247
81 0 83 3
81 4 83 7
81 8 83 11
81 12 83 15
81 16 83 19
81 20 83 23
81 24 83 27
81 28 83 31
81 32 83 35
81 36 83 39
81 40 83 43
81 44 83 47
81 48 83 51
81 52 83 55
81 56 83 59
81 60 83 63
81 64 83 67
81 68 83 71
81 72 83 75
81 76 83 79
81 80 83 83
81 84 83 87
81 88 83 91
81 92 83 95
81 96 83 99
81 100 83 103
81 104 83 107
81 108 83 111
81 112 83 115
81 116 83 119
81 120 83 123
81 124 83 127
81 128 83 131
81 132 83 135
81 136 83 139
81 140 83 143
81 144 83 147
81 148 83 151
81 152 83 155
81 156 83 159
81 160 83 163
81 164 83 167
81 168 83 171
81 172 83 175
81 176 83 179
81 180 83 183
81 184 83 187
81 188 83 191
81 192 83 195
81 196 83 199
81 200 83 203
81 204 83 207
81 208 83 211
81 212 83 215
81 216 83 219
81 220 83 223
81 224 83 227
81 228 83 231
81 232 83 235
81 236 83 239
81 240 83 243
81 244 83 247
84 0 86 3
84 4 86 7
84 8 86 11
84 12 86 15
84 16 86 19
84 20 86 23
84 24 86 27
84 28 86 31
84 32 86 35
84 36 86 39
84 40 86 43
84 44 86 47
84 48 86 51
84 52 86 55
84 56 86 59
84 60 86 63
84 64 86 67
84 68 86 71
84 72 86 75
84 76 86 79
84 80 86 83
84 84 86 87
84 88 86 91
84 92 86 95
84 96 86 99
84 100 86 103
84 104 86 107
84 108 86 111
84 112 86 115
84 116 86 119
84 120 86 123
84 124 86 127
84 128 86 131
84 132 86 135
84 136 86 139
84 140 86 143
84 144 86 147
84 148 86 151
84 152 86 155
84 156 86 159
84 160 86 163
84 164 86 167
84 168 86 171
84 172 86 175
84 176 86 179
84 180 86 183
84 184 86 187
84 188 86 191
84 192 86 195
84 196 86 199
84 200 86 203
84 204 86 207
84 208 86 211
84 212 86 215
84 216 86 219
84 220 86 223
84 224 86 227
84 228 86 231
84 232 86 235
84 236 86 239
84 240 86 243
84 244 86 247
87 0 89 3
87 4 89 7
87 8 89 11
87 12 89 15
87 16 89 19
87 20 89 23
87 24 89 27
87 28 89 31
87 32 89 35
87 36 89 39
87 40 89 43
87 44 89 47
87 48 89 51
87 52 89 55
87 56 89 59
87 60 89 63
87 64 89 67
87 68 89 71
87 72 89 75
87 76 89 79
87 80 89 83
87 84 89 87
87 88 89 91
87 92 89 95
87 96 89 99
87 100 89 103
87 104 89 107
87 108 89 111
87 112 89 115
87 116 89 119
87 120 89 123
87 124 89 127
87 128 89 131
87 132 89 135
87 136 89 139
87 140 89 143
87 144 89 147
87 148 89 151
87 152 89 155
87 156 89 159
87 160 89 163
87 164 89 167
87 168 89 171
87 172 89 175
87 176 89 179
87 180 89 183
87 184 89 187
87 188 89 191
87 192 89 195
87 196 89 199
87 200 89 203
87 204 89 207
87 208 89 211
87 212 89 215
87 216 89 219
87 220 89 223
87 224 89 227
87 228 89 231
87 232 89 235
87 236 89 239
87 240 89 243
87 244 89 247
90 0 92 3
90 4 92 7
90 8 92 11
90 12 92 15
90 16 92 19
90 20 92 23
90 24 92 27
90 28 92 31
90 32 92 35
90 36 92 39
90 40 92 43
90 44 92 47
90 48 92 51
90 52 92 55
90 56 92 59
90 60 92 63
90 64 92 67
90 68 92 71
90 72 92 75
90 76 92 79
90 80 92 83
90 84 92 87
90 88 92 91
90 92 92 95
90 96 92 99
90 100 92 103
90 104 92 107
90 108 92 111
90 112 92 115
90 116 92 119
90 120 92 123
90 124 92 127
90 128 92 131
90 132 92 135
90 136 92 139
90 140 92 143
90 144 92 147
90 148 92 151
90 152 92 155
90 156 92 159
90 160 92 163
90 164 92 167
90 168 92 171
90 172 92 175
90 176 92 179
90 180 92 183
90 184 92 187
90 188 92 191
90 192 92 195
90 196 92 199
90 200 92 203
90 204 92 207
90 208 92 211
90 212 92 215
90 216 92 219
90 220 92 223
90 224 92 227
90 228 92 231
90 232 92 235
90 236 92 239
90 240 92 243
90 244 92 247
93 0 95 3
93 4 95 7
93 8 95 11
93 12 95 15
93 16 95 19
93 20 95 23
93 24 95 27
93 28 95 31
93 32 95 35
93 36 95 39
93 40 95 43
93 44 95 47
93 48 95 51
93 52 95 55
93 56 95 59
93 60 95 63
93 64 95 67
93 68 95 71
93 72 95 75
93 76 95 79
93 80 95 83
93 84 95 87
93 88 95 91
93 92 95 95
93 96 95 99
93 100 95 103
93 104 95 107
93 108 95 111
93 112 95 115
93 116 95 119
93 120 95 123
93 124 95 127
93 128 95 131
93 132 95 135
93 136 95 139
93 140 95 143
93 144 95 147
93 148 95 151
93 152 95 155
93 156 95 159
93 160 95 163
93 164 95 167
93 168 95 171
93 172 95 175
93 176 95 179
93 180 95 183
93 184 95 187
93 188 95 191
93 192 95 195
93 196 95 199
93 200 95 203
93 204 95 207
93 208 95 211
93 212 95 215
93 216 95 219
93 220 95 223
93 224 95 227
93 228 95 231
93 232 95 235
93 236 95 239
93 240 95 243
93 244 95 247
96 0 98 3
96 4 98 7
96 8 98 11
96 12 98 15
96 16 98 19
96 20 98 23
96 24 98 27
96 28 98 31
96 32 98 35
96 36 98 39
96 40 98 43
96 44 98 47
96 48 98 51
96 52 98 55
96 56 98 59
96 60 98 63
96 64 98 67
96 68 98 71
96 72 98 75
96 76 98 79
96 80 98 83
96 84 98 87
96 88 98 91
96 92 98 95
96 96 98 99
96 100 98 103
96 104 98 107
96 108 98 111
96 112 98 115
96 116 98 119
96 120 98 123
96 124 98 127
96 128 98 131
96 132 98 135
96 136 98 139
96 140 98 143
96 144 98 147
96 148 98 151
96 152 98 155
96 156 98 159
96 160 98 163
96 164 98 167
96 168 98 171
96 172 98 175
96 176 98 179
96 180 98 183
96 184 98 187
96 188 98 191
96 192 98 195
96 196 98 199
96 200 98 203
96 204 98 207
96 208 98 211
96 212 98 215
96 216 98 219
96 220 98 223
96 224 98 227
96 228 98 231
96 232 98 235
96 236 98 239
96 240 98 243
96 244 98 247
99 0 101 3
99 4 101 7
99 8 101 11
99 12 101 15
99 16 101 19
99 20 101 23
99 24 101 27
99 28 101 31
99 32 101 35
99 36 101 39
99 40 101 43
99 44 101 47
99 48 101 51
99 52 101 55
99 56 101 59
99 60 101 63
99 64 101 67
99 68 101 71
99 72 101 75
99 76 101 79
99 80 101 83
99 84 101 87
99 88 101 91
99 92 101 95
99 96 101 99
99 100 101 103
99 104 101 107
99 108 101 111
99 112 101 115
99 116 101 119
99 120 101 123
99 124 101 127
99 128 101 131
99 132 101 135
99 136 101 139
99 140 101 143
99 144 101 147
99 148 101 151
99 152 101 155
99 156 101 159
99 160 101 163
99 164 101 167
99 168 101 171
99 172 101 175
99 176 101 179
99 180 101 183
99 184 101 187
99 188 101 191
99 192 101 195
99 196 101 199
99 200 101 203
99 204 101 207
99 208 101 211
99 212 101 215
99 216 101 219
99 220 101 223
99 224 101 227
99 228 101 231
99 232 101 235
99 236 101 239
99 240 101 243
99 244 101 247
102 0 104 3
102 4 104 7
102 8 104 11
102 12 104 15
102 16 104 19
102 20 104 23
102 24 104 27
102 28 104 31
102 32 104 35
102 36 104 39
102 40 104 43
102 44 104 47
102 48 104 51
102 52 104 55
102 56 104 59
102 60 104 63
102 64 104 67
102 68 104 71
102 72 104 75
102 76 104 79
102 80 104 83
102 84 104 87
102 88 104 91
102 92 104 95
102 96 104 99
102 100 104 103
102 104 104 107
102 108 104 111
102 112 104 115
102 116 104 119
102 120 104 123
102 124 104 127
102 128 104 131
102 132 104 135
102 136 104 139
102 140 104 143
102 144 104 147
102 148 104 151
102 152 104 155
102 156 104 159
102 160 104 163
102 164 104 167
102 168 104 171
102 172 104 175
102 176 104 179
102 180 104 183
102 184 104 187
102 188 104 191
102 192 104 195
102 196 104 199
102 200 104 203
102 204 104 207
102 208 104 211
102 212 104 215
102 216 104 219
102 220 104 223
102 224 104 227
102 228 104 231
102 232 104 235
102 236 104 239
102 240 104 243
102 244 104 247
105 0 107 3
105 4 107 7
105 8 107 11
105 12 107 15
105 16 107 19
105 20 107 23
105 24 107 27
105 28 107 31
105 32 107 35
105 36 107 39
105 40 107 43
105 44 107 47
105 48 107 51
105 52 107 55
105 56 107 59
105 60 107 63
105 64 107 67
105 68 107 71
105 72 107 75
105 76 107 79
105 80 107 83
105 84 107 87
105 88 107 91
105 92 107 95
105 96 107 99
105 100 107 103
105 104 107 107
105 108 107 111
105 112 107 115
105 116 107 119
105 120 107 123
105 124 107 127
105 128 107 131
105 132 107 135
105 136 107 139
105 140 107 143
105 144 107 147
105 148 107 151
105 152 107 155
105 156 107 159
105 160 107 163
105 164 107 167
105 168 107 171
105 172 107 175
105 176 107 179
105 180 107 183
105 184 107 187
105 188 107 191
105 192 107 195
105 196 107 199
105 200 107 203
105 204 107 207
105 208 107 211
105 212 107 215
105 216 107 219
105 220 107 223
105 224 107 227
105 228 107 231
105 232 107 235
105 236 107 239
105 240 107 243
105 244 107 247
108 0 110 3
108 4 110 7
108 8 110 11
108 12 110 15
108 16 110 19
108 20 110 23
108 24 110 27
108 28 110 31
108 32 110 35
108 36 110 39
108 40 110 43
108 44 110 47
108 48 110 51
108 52 110 55
108 56 110 59
108 60 110 63
108 64 110 67
108 68 110 71
108 72 110 75
108 76 110 79
108 80 110 83
108 84 110 87
108 88 110 91
108 92 110 95
108 96 110 99
108 100 110 103
108 104 110 107
108 108 110 111
108 112 110 115
108 116 110 119
108 120 110 123
108 124 110 127
108 128 110 131
108 132 110 135
108 136 110 139
108 140 110 143
108 144 110 147
108 148 110 151
108 152 110 155
108 156 110 159
108 160 110 163
108 164 110 167
108 168 110 171
108 172 110 175
108 176 110 179
108 180 110 183
108 184 110 187
108 188 110 191
108 192 110 195
108 196 110 199
108 200 110 203
108 204 110 207
108 208 110 211
108 212 110 215
108 216 110 219
108 220 110 223
108 224 110 227
108 228 110 231
108 232 110 235
108 236 110 239
108 240 110 243
108 244 110 247
111 0 113 3
111 4 113 7
111 8 113 11
111 12 113 15
111 16 113 19
111 20 113 23
111 24 113 27
111 28 113 31
111 32 113 35
111 36 113 39
111 40 113 43
111 44 113 47
111 48 113 51
111 52 113 55
111 56 113 59
111 60 113 63
111 64 113 67
111 68 113 71
111 72 113 75
111 76 113 79
111 80 113 83
111 84 113 87
111 88 113 91
111 92 113 95
111 96 113 99
111 100 113 103
111 104 113 107
111 108 113 111
111 112 113 115
111 116 113 119
111 120 113 123
111 124 113 127
111 128 113 131
111 132 113 135
111 136 113 139
111 140 113 143
111 144 113 147
111 148 113 151
111 152 113 155
111 156 113 159
111 160 113 163
111 164 113 167
111 168 113 171
111 172 113 175
111 176 113 179
111 180 113 183
111 184 113 187
111 188 113 191
111 192 113 195
111 196 113 199
111 200 113 203
111 204 113 207
111 208 113 211
111 212 113 215
111 216 113 219
111 220 113 223
111 224 113 227
111 228 113 231
111 232 113 235
111 236 113 239
111 240 113 243
111 244 113 247
114 0 116 3
114 4 116 7
114 8 116 11
114 12 116 15
114 16 116 19
114 20 116 23
114 24 116 27
114 28 116 31
114 32 116 35
114 36 116 39
114 40 116 43
114 44 116 47
114 48 116 51
114 52 116 55
114 56 116 59
114 60 116 63
114 64 116 67
114 68 116 71
114 72 116 75
114 76 116 79
114 80 116 83
114 84 116 87
114 88 116 91
114 92 116 95
114 96 116 99
114 100 116 103
114 104 116 107
114 108 116 111
114 112 116 115
114 116 116 119
114 120 116 123
114 124 116 127
114 128 116 131
114 132 116 135
114 136 116 139
114 140 116 143
114 144 116 147
114 148 116 151
114 152 116 155
114 156 116 159
114 160 116 163
114 164 116 167
114 168 116 171
114 172 116 175
114 176 116 179
114 180 116 183
114 184 116 187
114 188 116 191
114 192 116 195
114 196 116 199
114 200 116 203
114 204 116 207
114 208 116 211
114 212 116 215
114 216 116 219
114 220 116 223
114 224 116 227
114 228 116 231
114 232 116 235
114 236 116 239
114 240 116 243
114 244 116 247
117 0 119 3
117 4 119 7
117 8 119 11
117 12 119 15
117 16 119 19
117 20 119 23
117 24 119 27
117 28 119 31
117 32 119 35
117 36 119 39
117 40 119 43
117 44 119 47
117 48 119 51
117 52 119 55
117 56 119 59
117 60 119 63
117 64 119 67
117 68 119 71
117 72 119 75
117 76 119 79
117 80 119 83
117 84 119 87
117 88 119 91
117 92 119 95
117 96 119 99
117 100 119 103
117 104 119 107
117 108 119 111
117 112 119 115
117 116 119 119
117 120 119 123
117 124 119 127
117 128 119 131
117 132 119 135
117 136 119 139
117 140 119 143
117 144 119 147
117 148 119 151
117 152 119 155
117 156 119 159
117 160 119 163
117 164 119 167
117 168 119 171
117 172 119 175
117 176 119 179
117 180 119 183
117 184 119 187
117 188 119 191
117 192 119 195
117 196 119 199
117 200 119 203
117 204 119 207
117 208 119 211
117 212 119 215
117 216 119 219
117 220 119 223
117 224 119 227
117 228 119 231
117 232 119 235
117 236 119 239
117 240 119 243
117 244 119 247
120 0 122 3
120 4 122 7
120 8 122 11
120 12 122 15
120 16 122 19
120 20 122 23
120 24 122 27
120 28 122 31
120 32 122 35
120 36 122 39
120 40 122 43
120 44 122 47
120 48 122 51
120 52 122 55
120 56 122 59
120 60 122 63
120 64 122 67
120 68 122 71
120 72 122 75
120 76 122 79
120 80 122 83
120 84 122 87
120 88 122 91
120 92 122 95
120 96 122 99
120 100 122 103
120 104 122 107
120 108 122 111
120 112 122 115
120 116 122 119
120 120 122 123
120 124 122 127
120 128 122 131
120 132 122 135
120 136 122 139
120 140 122 143
120 144 122 147
120 148 122 151
120 152 122 155
120 156 122 159
120 160 122 163
120 164 122 167
120 168 122 171
120 172 122 175
120 176 122 179
120 180 122 183
120 184 122 187
120 188 122 191
120 192 122 195
120 196 122 199
120 200 122 203
120 204 122 207
120 208 122 211
120 212 122 215
120 216 122 219
120 220 122 223
120 224 122 227
120 228 122 231
120 232 122 235
120 236 122 239
120 240 122 243
120 244 122 247
123 0 125 3
123 4 125 7
123 8 125 11
123 12 125 15
123 16 125 19
123 20 125 23
123 24 125 27
123 28 125 31
123 32 125 35
123 36 125 39
123 40 125 43
123 44 125 47
123 48 125 51
123 52 125 55
123 56 125 59
123 60 125 63
123 64 125 67
123 68 125 71
123 72 125 75
123 76 125 79
123 80 125 83
123 84 125 87
123 88 125 91
123 92 125 95
123 96 125 99
123 100 125 103
123 104 125 107
123 108 125 111
123 112 125 115
123 116 125 119
123 120 125 123
123 124 125 127
123 128 125 131
123 132 125 135
123 136 125 139
123 140 125 143
123 144 125 147
123 148 125 151
123 152 125 155
123 156 125 159
123 160 125 163
123 164 125 167
123 168 125 171
123 172 125 175
123 176 125 179
123 180 125 183
123 184 125 187
123 188 125 191
123 192 125 195
123 196 125 199
123 200 125 203
123 204 125 207
123 208 125 211
123 212 125 215
123 216 125 219
123 220 125 223
123 224 125 227
123 228 125 231
123 232 125 235
123 236 125 239
123 240 125 243
123 244 125 247
126 0 128 3
126 4 128 7
126 8 128 11
126 12 128 15
126 16 128 19
126 20 128 23
126 24 128 27
126 28 128 31
126 32 128 35
126 36 128 39
126 40 128 43
126 44 128 47
126 48 128 51
126 52 128 55
126 56 128 59
126 60 128 63
126 64 128 67
126 68 128 71
126 72 128 75
126 76 128 79
126 80 128 83
126 84 128 87
126 88 128 91
126 92 128 95
126 96 128 99
126 100 128 103
126 104 128 107
126 108 128 111
126 112 128 115
126 116 128 119
126 120 128 123
126 124 128 127
126 128 128 131
126 132 128 135
126 136 128 139
126 140 128 143
126 144 128 147
126 148 128 151
126 152 128 155
126 156 128 159
126 160 128 163
126 164 128 167
126 168 128 171
126 172 128 175
126 176 128 179
126 180 128 183
126 184 128 187
126 188 128 191
126 192 128 195
126 196 128 199
126 200 128 203
126 204 128 207
126 208 128 211
126 212 128 215
126 216 128 219
126 220 128 223
126 224 128 227
126 228 128 231
126 232 128 235
126 236 128 239
126 240 128 243
126 244 128 247
129 0 131 3
129 4 131 7
129 8 131 11
129 12 131 15
129 16 131 19
129 20 131 23
129 24 131 27
129 28 131 31
129 32 131 35
129 36 131 39
129 40 131 43
129 44 131 47
129 48 131 51
129 52 131 55
129 56 131 59
129 60 131 63
129 64 131 67
129 68 131 71
129 72 131 75
129 76 131 79
129 80 131 83
129 84 131 87
129 88 131 91
129 92 131 95
129 96 131 99
129 100 131 103
129 104 131 107
129 108 131 111
129 112 131 115
129 116 131 119
129 120 131 123
129 124 131 127
129 128 131 131
129 132 131 135
129 136 131 139
129 140 131 143
129 144 131 147
129 148 131 151
129 152 131 155
129 156 131 159
129 160 131 163
129 164 131 167
129 168 131 171
129 172 131 175
129 176 131 179
129 180 131 183
129 184 131 187
129 188 131 191
129 192 131 195
129 196 131 199
129 200 131 203
129 204 131 207
129 208 131 211
129 212 131 215
129 216 131 219
129 220 131 223
129 224 131 227
129 228 131 231
129 232 131 235
129 236 131 239
129 240 131 243
129 244 131 247
132 0 134 3
132 4 134 7
132 8 134 11
132 12 134 15
132 16 134 19
132 20 134 23
132 24 134 27
132 28 134 31
132 32 134 35
132 36 134 39
132 40 134 43
132 44 134 47
132 48 134 51
132 52 134 55
132 56 134 59
132 60 134 63
132 64 134 67
132 68 134 71
132 72 134 75
132 76 134 79
132 80 134 83
132 84 134 87
132 88 134 91
132 92 134 95
132 96 134 99
132 100 134 103
132 104 134 107
132 108 134 111
132 112 134 115
132 116 134 119
132 120 134 123
132 124 134 127
132 128 134 131
132 132 134 135
132 136 134 139
132 140 134 143
132 144 134 147
132 148 134 151
132 152 134 155
132 156 134 159
132 160 134 163
132 164 134 167
132 168 134 171
132 172 134 175
132 176 134 179
132 180 134 183
132 184 134 187
132 188 134 191
132 192 134 195
132 196 134 199
132 200 134 203
132 204 134 207
132 208 134 211
132 212 134 215
132 216 134 219
132 220 134 223
132 224 134 227
132 228 134 231
132 232 134 235
132 236 134 239
132 240 134 243
132 244 134 247
135 0 137 3
135 4 137 7
135 8 137 11
135 12 137 15
135 16 137 19
135 20 137 23
135 24 137 27
135 28 137 31
135 32 137 35
135 36 137 39
135 40 137 43
135 44 137 47
135 48 137 51
135 52 137 55
135 56 137 59
135 60 137 63
135 64 137 67
135 68 137 71
135 72 137 75
135 76 137 79
135 80 137 83
135 84 137 87
135 88 137 91
135 92 137 95
135 96 137 99
135 100 137 103
135 104 137 107
135 108 137 111
135 112 137 115
135 116 137 119
135 120 137 123
135 124 137 127
135 128 137 131
135 132 137 135
135 136 137 139
135 140 137 143
135 144 137 147
135 148 137 151
135 152 137 155
135 156 137 159
135 160 137 163
135 164 137 167
135 168 137 171
135 172 137 175
135 176 137 179
135 180 137 183
135 184 137 187
135 188 137 191
135 192 137 195
135 196 137 199
135 200 137 203
135 204 137 207
135 208 137 211
135 212 137 215
135 216 137 219
135 220 137 223
135 224 137 227
135 228 137 231
135 232 137 235
135 236 137 239
135 240 137 243
135 244 137 247
138 0 140 3
138 4 140 7
138 8 140 11
138 12 140 15
138 16 140 19
138 20 140 23
138 24 140 27
138 28 140 31
138 32 140 35
138 36 140 39
138 40 140 43
138 44 140 47
138 48 140 51
138 52 140 55
138 56 140 59
138 60 140 63
138 64 140 67
138 68 140 71
138 72 140 75
138 76 140 79
138 80 140 83
138 84 140 87
138 88 140 91
138 92 140 95
138 96 140 99
138 100 140 103
138 104 140 107
138 108 140 111
138 112 140 115
138 116 140 119
138 120 140 123
138 124 140 127
138 128 140 131
138 132 140 135
138 136 140 139
138 140 140 143
138 144 140 147
138 148 140 151
138 152 140 155
138 156 140 159
138 160 140 163
138 164 140 167
138 168 140 171
138 172 140 175
138 176 140 179
138 180 140 183
138 184 140 187
138 188 140 191
138 192 140 195
138 196 140 199
138 200 140 203
138 204 140 207
138 208 140 211
138 212 140 215
138 216 140 219
138 220 140 223
138 224 140 227
138 228 140 231
138 232 140 235
138 236 140 239
138 240 140 243
138 244 140 247
141 0 143 3
141 4 143 7
141 8 143 11
141 12 143 15
141 16 143 19
141 20 143 23
141 24 143 27
141 28 143 31
141 32 143 35
141 36 143 39
141 40 143 43
141 44 143 47
141 48 143 51
141 52 143 55
141 56 143 59
141 60 143 63
141 64 143 67
141 68 143 71
141 72 143 75
141 76 143 79
141 80 143 83
141 84 143 87
141 88 143 91
141 92 143 95
141 96 143 99
141 100 143 103
141 104 143 107
141 108 143 111
141 112 143 115
141 116 143 119
141 120 143 123
141 124 143 127
141 128 143 131
141 132 143 135
141 136 143 139
141 140 143 143
141 144 143 147
141 148 143 151
141 152 143 155
141 156 143 159
141 160 143 163
141 164 143 167
141 168 143 171
141 172 143 175
141 176 143 179
141 180 143 183
141 184 143 187
141 188 143 191
141 192 143 195
141 196 143 199
141 200 143 203
141 204 143 207
141 208 143 211
141 212 143 215
141 216 143 219
141 220 143 223
141 224 143 227
141 228 143 231
141 232 143 235
141 236 143 239
141 240 143 243
141 244 143 247
144 0 146 3
144 4 146 7
144 8 146 11
144 12 146 15
144 16 146 19
144 20 146 23
144 24 146 27
144 28 146 31
144 32 146 35
144 36 146 39
144 40 146 43
144 44 146 47
144 48 146 51
144 52 146 55
144 56 146 59
144 60 146 63
144 64 146 67
144 68 146 71
144 72 146 75
144 76 146 79
144 80 146 83
144 84 146 87
144 88 146 91
144 92 146 95
144 96 146 99
144 100 146 103
144 104 146 107
144 108 146 111
144 112 146 115
144 116 146 119
144 120 146 123
144 124 146 127
144 128 146 131
144 132 146 135
144 136 146 139
144 140 146 143
144 144 146 147
144 148 146 151
144 152 146 155
144 156 146 159
144 160 146 163
144 164 146 167
144 168 146 171
144 172 146 175
144 176 146 179
144 180 146 183
144 184 146 187
144 188 146 191
144 192 146 195
144 196 146 199
144 200 146 203
144 204 146 207
144 208 146 211
144 212 146 215
144 216 146 219
144 220 146 223
144 224 146 227
144 228 146 231
144 232 146 235
144 236 146 239
144 240 146 243
144 244 146 247
147 0 149 3
147 4 149 7
147 8 149 11
147 12 149 15
147 16 149 19
147 20 149 23
147 24 149 27
147 28 149 31
147 32 149 35
147 36 149 39
147 40 149 43
147 44 149 47
147 48 149 51
147 52 149 55
147 56 149 59
147 60 149 63
147 64 149 67
147 68 149 71
147 72 149 75
147 76 149 79
147 80 149 83
147 84 149 87
147 88 149 91
147 92 149 95
147 96 149 99
147 100 149 103
147 104 149 107
147 108 149 111
147 112 149 115
147 116 149 119
147 120 149 123
147 124 149 127
147 128 149 131
147 132 149 135
147 136 149 139
147 140 149 143
147 144 149 147
147 148 149 151
147 152 149 155
147 156 149 159
147 160 149 163
147 164 149 167
147 168 149 171
147 172 149 175
147 176 149 179
147 180 149 183
147 184 149 187
147 188 149 191
147 192 149 195
147 196 149 199
147 200 149 203
147 204 149 207
147 208 149 211
147 212 149 215
147 216 149 219
147 220 149 223
147 224 149 227
147 228 149 231
147 232 149 235
147 236 149 239
147 240 149 243
147 244 149 247
150 0 152 3
150 4 152 7
150 8 152 11
150 12 152 15
150 16 152 19
150 20 152 23
150 24 152 27
150 28 152 31
150 32 152 35
150 36 152 39
150 40 152 43
150 44 152 47
150 48 152 51
150 52 152 55
150 56 152 59
150 60 152 63
150 64 152 67
150 68 152 71
150 72 152 75
150 76 152 79
150 80 152 83
150 84 152 87
150 88 152 91
150 92 152 95
150 96 152 99
150 100 152 103
150 104 152 107
150 108 152 111
150 112 152 115
150 116 152 119
150 120 152 123
150 124 152 127
150 128 152 131
150 132 152 135
150 136 152 139
150 140 152 143
150 144 152 147
150 148 152 151
150 152 152 155
150 156 152 159
150 160 152 163
150 164 152 167
150 168 152 171
150 172 152 175
150 176 152 179
150 180 152 183
150 184 152 187
150 188 152 191
150 192 152 195
150 196 152 199
150 200 152 203
150 204 152 207
150 208 152 211
150 212 152 215
150 216 152 219
150 220 152 223
150 224 152 227
150 228 152 231
150 232 152 235
150 236 152 239
150 240 152 243
150 244 152 247
153 0 155 3
153 4 155 7
153 8 155 11
153 12 155 15
153 16 155 19
153 20 155 23
153 24 155 27
153 28 155 31
153 32 155 35
153 36 155 39
153 40 155 43
153 44 155 47
153 48 155 51
153 52 155 55
153 56 155 59
153 60 155 63
153 64 155 67
153 68 155 71
153 72 155 75
153 76 155 79
153 80 155 83
153 84 155 87
153 88 155 91
153 92 155 95
153 96 155 99
153 100 155 103
153 104 155 107
153 108 155 111
153 112 155 115
153 116 155 119
153 120 155 123
153 124 155 127
153 128 155 131
153 132 155 135
153 136 155 139
153 140 155 143
153 144 155 147
153 148 155 151
153 152 155 155
153 156 155 159
153 160 155 163
153 164 155 167
153 168 155 171
153 172 155 175
153 176 155 179
153 180 155 183
153 184 155 187
153 188 155 191
153 192 155 195
153 196 155 199
153 200 155 203
153 204 155 207
153 208 155 211
153 212 155 215
153 216 155 219
153 220 155 223
153 224 155 227
153 228 155 231
153 232 155 235
153 236 155 239
153 240 155 243
153 244 155 247
156 0 158 3
156 4 158 7
156 8 158 11
156 12 158 15
156 16 158 19
156 20 158 23
156 24 158 27
156 28 158 31
156 32 158 35
156 36 158 39
156 40 158 43
156 44 158 47
156 48 158 51
156 52 158 55
156 56 158 59
156 60 158 63
156 64 158 67
156 68 158 71
156 72 158 75
156 76 158 79
156 80 158 83
156 84 158 87
156 88 158 91
156 92 158 95
156 96 158 99
156 100 158 103
156 104 158 107
156 108 158 111
156 112 158 115
156 116 158 119
156 120 158 123
156 124 158 127
156 128 158 131
156 132 158 135
156 136 158 139
156 140 158 143
156 144 158 147
156 148 158 151
156 152 158 155
156 156 158 159
156 160 158 163
156 164 158 167
156 168 158 171
156 172 158 175
156 176 158 179
156 180 158 183
156 184 158 187
156 188 158 191
156 192 158 195
156 196 158 199
156 200 158 203
156 204 158 207
156 208 158 211
156 212 158 215
156 216 158 219
156 220 158 223
156 224 158 227
156 228 158 231
156 232 158 235
156 236 158 239
156 240 158 243
156 244 158 247
159 0 161 3
159 4 161 7
159 8 161 11
159 12 161 15
159 16 161 19
159 20 161 23
159 24 161 27
159 28 161 31
159 32 161 35
159 36 161 39
159 40 161 43
159 44 161 47
159 48 161 51
159 52 161 55
159 56 161 59
159 60 161 63
159 64 161 67
159 68 161 71
159 72 161 75
159 76 161 79
159 80 161 83
159 84 161 87
159 88 161 91
159 92 161 95
159 96 161 99
159 100 161 103
159 104 161 107
159 108 161 111
159 112 161 115
159 116 161 119
159 120 161 123
159 124 161 127
159 128 161 131
159 132 161 135
159 136 161 139
159 140 161 143
159 144 161 147
159 148 161 151
159 152 161 155
159 156 161 159
159 160 161 163
159 164 161 167
159 168 161 171
159 172 161 175
159 176 161 179
159 180 161 183
159 184 161 187
159 188 161 191
159 192 161 195
159 196 161 199
159 200 161 203
159 204 161 207
159 208 161 211
159 212 161 215
159 216 161 219
159 220 161 223
159 224 161 227
159 228 161 231
159 232 161 235
159 236 161 239
159 240 161 243
159 244 161 247
162 0 164 3
162 4 164 7
162 8 164 11
162 12 164 15
162 16 164 19
162 20 164 23
162 24 164 27
162 28 164 31
162 32 164 35
162 36 164 39
162 40 164 43
162 44 164 47
162 48 164 51
162 52 164 55
162 56 164 59
162 60 164 63
162 64 164 67
162 68 164 71
162 72 164 75
162 76 164 79
162 80 164 83
162 84 164 87
162 88 164 91
162 92 164 95
162 96 164 99
162 100 164 103
162 104 164 107
162 108 164 111
162 112 164 115
162 116 164 119
162 120 164 123
162 124 164 127
162 128 164 131
162 132 164 135
162 136 164 139
162 140 164 143
162 144 164 147
162 148 164 151
162 152 164 155
162 156 164 159
162 160 164 163
162 164 164 167
162 168 164 171
162 172 164 175
162 176 164 179
162 180 164 183
162 184 164 187
162 188 164 191
162 192 164 195
162 196 164 199
162 200 164 203
162 204 164 207
162 208 164 211
162 212 164 215
162 216 164 219
162 220 164 223
162 224 164 227
162 228 164 231
162 232 164 235
162 236 164 239
162 240 164 243
162 244 164 247
165 0 167 3
165 4 167 7
165 8 167 11
165 12 167 15
165 16 167 19
165 20 167 23
165 24 167 27
165 28 167 31
165 32 167 35
165 36 167 39
165 40 167 43
165 44 167 47
165 48 167 51
165 52 167 55
165 56 167 59
165 60 167 63
165 64 167 67
165 68 167 71
165 72 167 75
165 76 167 79
165 80 167 83
165 84 167 87
165 88 167 91
165 92 167 95
165 96 167 99
165 100 167 103
165 104 167 107
165 108 167 111
165 112 167 115
165 116 167 119
165 120 167 123
165 124 167 127
165 128 167 131
165 132 167 135
165 136 167 139
165 140 167 143
165 144 167 147
165 148 167 151
165 152 167 155
165 156 167 159
165 160 167 163
165 164 167 167
165 168 167 171
165 172 167 175
165 176 167 179
165 180 167 183
165 184 167 187
165 188 167 191
165 192 167 195
165 196 167 199
165 200 167 203
165 204 167 207
165 208 167 211
165 212 167 215
165 216 167 219
165 220 167 223
165 224 167 227
165 228 167 231
165 232 167 235
165 236 167 239
165 240 167 243
165 244 167 247
168 0 170 3
168 4 170 7
168 8 170 11
168 12 170 15
168 16 170 19
168 20 170 23
168 24 170 27
168 28 170 31
168 32 170 35
168 36 170 39
168 40 170 43
168 44 170 47
168 48 170 51
168 52 170 55
168 56 170 59
168 60 170 63
168 64 170 67
168 68 170 71
168 72 170 75
168 76 170 79
168 80 170 83
168 84 170 87
168 88 170 91
168 92 170 95
168 96 170 99
168 100 170 103
168 104 170 107
168 108 170 111
168 112 170 115
168 116 170 119
168 120 170 123
168 124 170 127
168 128 170 131
168 132 170 135
168 136 170 139
168 140 170 143
168 144 170 147
168 148 170 151
168 152 170 155
168 156 170 159
168 160 170 163
168 164 170 167
168 168 170 171
168 172 170 175
168 176 170 179
168 180 170 183
168 184 170 187
168 188 170 191
168 192 170 195
168 196 170 199
168 200 170 203
168 204 170 207
168 208 170 211
168 212 170 215
168 216 170 219
168 220 170 223
168 224 170 227
168 228 170 231
168 232 170 235
168 236 170 239
168 240 170 243
168 244 170 247
171 0 173 3
171 4 173 7
171 8 173 11
171 12 173 15
171 16 173 19
171 20 173 23
171 24 173 27
171 28 173 31
171 32 173 35
171 36 173 39
171 40 173 43
171 44 173 47
171 48 173 51
171 52 173 55
171 56 173 59
171 60 173 63
171 64 173 67
171 68 173 71
171 72 173 75
171 76 173 79
171 80 173 83
171 84 173 87
171 88 173 91
171 92 173 95
171 96 173 99
171 100 173 103
171 104 173 107
171 108 173 111
171 112 173 115
171 116 173 119
171 120 173 123
171 124 173 127
171 128 173 131
171 132 173 135
171 136 173 139
171 140 173 143
171 144 173 147
171 148 173 151
171 152 173 155
171 156 173 159
171 160 173 163
171 164 173 167
171 168 173 171
171 172 173 175
171 176 173 179
171 180 173 183
171 184 173 187
171 188 173 191
171 192 173 195
171 196 173 199
171 200 173 203
171 204 173 207
171 208 173 211
171 212 173 215
171 216 173 219
171 220 173 223
171 224 173 227
171 228 173 231
171 232 173 235
171 236 173 239
171 240 173 243
171 244 173 247
174 0 176 3
174 4 176 7
174 8 176 11
174 12 176 15
174 16 176 19
174 20 176 23
174 24 176 27
174 28 176 31
174 32 176 35
174 36 176 39
174 40 176 43
174 44 176 47
174 48 176 51
174 52 176 55
174 56 176 59
174 60 176 63
174 64 176 67
174 68 176 71
174 72 176 75
174 76 176 79
174 80 176 83
174 84 176 87
174 88 176 91
174 92 176 95
174 96 176 99
174 100 176 103
174 104 176 107
174 108 176 111
174 112 176 115
174 116 176 119
174 120 176 123
174 124 176 127
174 128 176 131
174 132 176 135
174 136 176 139
174 140 176 143
174 144 176 147
174 148 176 151
174 152 176 155
174 156 176 159
174 160 176 163
174 164 176 167
174 168 176 171
174 172 176 175
174 176 176 179
174 180 176 183
174 184 176 187
174 188 176 191
174 192 176 195
174 196 176 199
174 200 176 203
174 204 176 207
174 208 176 211
174 212 176 215
174 216 176 219
174 220 176 223
174 224 176 227
174 228 176 231
174 232 176 235
174 236 176 239
174 240 176 243
174 244 176 247
177 0 179 3
177 4 179 7
177 8 179 11
177 12 179 15
177 16 179 19
177 20 179 23
177 24 179 27
177 28 179 31
177 32 179 35
177 36 179 39
177 40 179 43
177 44 179 47
177 48 179 51
177 52 179 55
177 56 179 59
177 60 179 63
177 64 179 67
177 68 179 71
177 72 179 75
177 76 179 79
177 80 179 83
177 84 179 87
177 88 179 91
177 92 179 95
177 96 179 99
177 100 179 103
177 104 179 107
177 108 179 111
177 112 179 115
177 116 179 119
177 120 179 123
177 124 179 127
177 128 179 131
177 132 179 135
177 136 179 139
177 140 179 143
177 144 179 147
177 148 179 151
177 152 179 155
177 156 179 159
177 160 179 163
177 164 179 167
177 168 179 171
177 172 179 175
177 176 179 179
177 180 179 183
177 184 179 187
177 188 179 191
177 192 179 195
177 196 179 199
177 200 179 203
177 204 179 207
177 208 179 211
177 212 179 215
177 216 179 219
177 220 179 223
177 224 179 227
177 228 179 231
177 232 179 235
177 236 179 239
177 240 179 243
177 244 179 247
180 0 182 3
180 4 182 7
180 8 182 11
180 12 182 15
180 16 182 19
180 20 182 23
180 24 182 27
180 28 182 31
180 32 182 35
180 36 182 39
180 40 182 43
180 44 182 47
180 48 182 51
180 52 182 55
180 56 182 59
180 60 182 63
180 64 182 67
180 68 182 71
180 72 182 75
180 76 182 79
180 80 182 83
180 84 182 87
180 88 182 91
180 92 182 95
180 96 182 99
180 100 182 103
180 104 182 107
180 108 182 111
180 112 182 115
180 116 182 119
180 120 182 123
180 124 182 127
180 128 182 131
180 132 182 135
180 136 182 139
180 140 182 143
180 144 182 147
180 148 182 151
180 152 182 155
180 156 182 159
180 160 182 163
180 164 182 167
180 168 182 171
180 172 182 175
180 176 182 179
180 180 182 183
180 184 182 187
180 188 182 191
180 192 182 195
180 196 182 199
180 200 182 203
180 204 182 207
180 208 182 211
180 212 182 215
180 216 182 219
180 220 182 223
180 224 182 227
180 228 182 231
180 232 182 235
180 236 182 239
180 240 182 243
180 244 182 247
183 0 185 3
183 4 185 7
183 8 185 11
183 12 185 15
183 16 185 19
183 20 185 23
183 24 185 27
183 28 185 31
183 32 185 35
183 36 185 39
183 40 185 43
183 44 185 47
183 48 185 51
183 52 185 55
183 56 185 59
183 60 185 63
183 64 185 67
183 68 185 71
183 72 185 75
183 76 185 79
183 80 185 83
183 84 185 87
183 88 185 91
183 92 185 95
183 96 185 99
183 100 185 103
183 104 185 107
183 108 185 111
183 112 185 115
183 116 185 119
183 120 185 123
183 124 185 127
183 128 185 131
183 132 185 135
183 136 185 139
183 140 185 143
183 144 185 147
183 148 185 151
183 152 185 155
183 156 185 159
183 160 185 163
183 164 185 167
183 168 185 171
183 172 185 175
183 176 185 179
183 180 185 183
183 184 185 187
183 188 185 191
183 192 185 195
183 196 185 199
183 200 185 203
183 204 185 207
183 208 185 211
183 212 185 215
183 216 185 219
183 220 185 223
183 224 185 227
183 228 185 231
183 232 185 235
183 236 185 239
183 240 185 243
183 244 185 247
186 0 188 3
186 4 188 7
186 8 188 11
186 12 188 15
186 16 188 19
186 20 188 23
186 24 188 27
186 28 188 31
186 32 188 35
186 36 188 39
186 40 188 43
186 44 188 47
186 48 188 51
186 52 188 55
186 56 188 59
186 60 188 63
186 64 188 67
186 68 188 71
186 72 188 75
186 76 188 79
186 80 188 83
186 84 188 87
186 88 188 91
186 92 188 95
186 96 188 99
186 100 188 103
186 104 188 107
186 108 188 111
186 112 188 115
186 116 188 119
186 120 188 123
186 124 188 127
186 128 188 131
186 132 188 135
186 136 188 139
186 140 188 143
186 144 188 147
186 148 188 151
186 152 188 155
186 156 188 159
186 160 188 163
186 164 188 167
186 168 188 171
186 172 188 175
186 176 188 179
186 180 188 183
186 184 188 187
186 188 188 191
186 192 188 195
186 196 188 199
186 200 188 203
186 204 188 207
186 208 188 211
186 212 188 215
186 216 188 219
186 220 188 223
186 224 188 227
186 228 188 231
186 232 188 235
186 236 188 239
186 240 188 243
186 244 188 247
189 0 191 3
189 4 191 7
189 8 191 11
189 12 191 15
189 16 191 19
189 20 191 23
189 24 191 27
189 28 191 31
189 32 191 35
189 36 191 39
189 40 191 43
189 44 191 47
189 48 191 51
189 52 191 55
189 56 191 59
189 60 191 63
189 64 191 67
189 68 191 71
189 72 191 75
189 76 191 79
189 80 191 83
189 84 191 87
189 88 191 91
189 92 191 95
189 96 191 99
189 100 191 103
189 104 191 107
189 108 191 111
189 112 191 115
189 116 191 119
189 120 191 123
189 124 191 127
189 128 191 131
189 132 191 135
189 136 191 139
189 140 191 143
189 144 191 147
189 148 191 151
189 152 191 155
189 156 191 159
189 160 191 163
189 164 191 167
189 168 191 171
189 172 191 175
189 176 191 179
189 180 191 183
189 184 191 187
189 188 191 191
189 192 191 195
189 196 191 199
189 200 191 203
189 204 191 207
189 208 191 211
189 212 191 215
189 216 191 219
189 220 191 223
189 224 191 227
189 228 191 231
189 232 191 235
189 236 191 239
189 240 191 243
189 244 191 247
192 0 194 3
192 4 194 7
192 8 194 11
192 12 194 15
192 16 194 19
192 20 194 23
192 24 194 27
192 28 194 31
192 32 194 35
192 36 194 39
192 40 194 43
192 44 194 47
192 48 194 51
192 52 194 55
192 56 194 59
192 60 194 63
192 64 194 67
192 68 194 71
192 72 194 75
192 76 194 79
192 80 194 83
192 84 194 87
192 88 194 91
192 92 194 95
192 96 194 99
192 100 194 103
192 104 194 107
192 108 194 111
192 112 194 115
192 116 194 119
192 120 194 123
192 124 194 127
192 128 194 131
192 132 194 135
192 136 194 139
192 140 194 143
192 144 194 147
192 148 194 151
192 152 194 155
192 156 194 159
192 160 194 163
192 164 194 167
192 168 194 171
192 172 194 175
192 176 194 179
192 180 194 183
192 184 194 187
192 188 194 191
192 192 194 195
192 196 194 199
192 200 194 203
192 204 194 207
192 208 194 211
192 212 194 215
192 216 194 219
192 220 194 223
192 224 194 227
192 228 194 231
192 232 194 235
192 236 194 239
192 240 194 243
192 244 194 247
195 0 197 3
195 4 197 7
195 8 197 11
195 12 197 15
195 16 197 19
195 20 197 23
195 24 197 27
195 28 197 31
195 32 197 35
195 36 197 39
195 40 197 43
195 44 197 47
195 48 197 51
195 52 197 55
195 56 197 59
195 60 197 63
195 64 197 67
195 68 197 71
195 72 197 75
195 76 197 79
195 80 197 83
195 84 197 87
195 88 197 91
195 92 197 95
195 96 197 99
195 100 197 103
195 104 197 107
195 108 197 111
195 112 197 115
195 116 197 119
195 120 197 123
195 124 197 127
195 128 197 131
195 132 197 135
195 136 197 139
195 140 197 143
195 144 197 147
195 148 197 151
195 152 197 155
195 156 197 159
195 160 197 163
195 164 197 167
195 168 197 171
195 172 197 175
195 176 197 179
195 180 197 183
195 184 197 187
195 188 197 191
195 192 197 195
195 196 197 199
195 200 197 203
195 204 197 207
195 208 197 211
195 212 197 215
195 216 197 219
195 220 197 223
195 224 197 227
195 228 197 231
195 232 197 235
195 236 197 239
195 240 197 243
195 244 197 247
198 0 198 11
198 12 198 23
198 24 198 35
198 36 198 47
198 48 198 59
198 60 198 71
198 72 198 83
198 84 198 95
198 96 198 107
198 108 198 119
198 120 198 131
198 132 198 143
198 144 198 155
198 156 198 167
198 168 198 179
198 180 198 191
198 192 198 203
198 204 198 215
198 216 198 227
198 228 198 239
